<?xml version="1.0" encoding="UTF-8"?>
<testng-results ignored="0" total="1" passed="1" failed="0" skipped="0">
  <reporter-output>
  </reporter-output>
  <suite started-at="2022-04-08T17:47:12 IST" name="Default suite" finished-at="2022-04-08T17:47:27 IST" duration-ms="15257">
    <groups>
    </groups>
    <test started-at="2022-04-08T17:47:12 IST" name="Default test" finished-at="2022-04-08T17:47:27 IST" duration-ms="15257">
      <class name="org.Test.com.Reports">
        <test-method is-config="true" signature="setDriver()[pri:0, instance:org.Test.com.Reports@b18c4]" started-at="2022-04-08T17:47:12 IST" name="setDriver" finished-at="2022-04-08T17:47:17 IST" duration-ms="5394" status="PASS">
          <reporter-output>
          </reporter-output>
        </test-method> <!-- setDriver -->
        <test-method signature="search()[pri:0, instance:org.Test.com.Reports@b18c4]" started-at="2022-04-08T17:47:17 IST" name="search" finished-at="2022-04-08T17:47:23 IST" duration-ms="5514" status="PASS">
          <reporter-output>
          </reporter-output>
        </test-method> <!-- search -->
        <test-method is-config="true" signature="closeWindow()[pri:0, instance:org.Test.com.Reports@b18c4]" started-at="2022-04-08T17:47:23 IST" name="closeWindow" finished-at="2022-04-08T17:47:27 IST" duration-ms="4215" status="PASS">
          <reporter-output>
          </reporter-output>
        </test-method> <!-- closeWindow -->
      </class> <!-- org.Test.com.Reports -->
    </test> <!-- Default test -->
  </suite> <!-- Default suite -->
</testng-results>
